  [1m[35m (4.1ms)[0m  [1m[34mSELECT sqlite_version(*)[0m
  [1m[35m (0.2ms)[0m  [1m[34mSELECT sqlite_version(*)[0m
  [1m[35m (1.3ms)[0m  [1m[34mSELECT sqlite_version(*)[0m
  [1m[35m (249.0ms)[0m  [1m[35mCREATE TABLE "schema_migrations" ("version" varchar NOT NULL PRIMARY KEY)[0m
  [1m[35m (335.4ms)[0m  [1m[35mCREATE TABLE "ar_internal_metadata" ("key" varchar NOT NULL PRIMARY KEY, "value" varchar, "created_at" datetime(6) NOT NULL, "updated_at" datetime(6) NOT NULL)[0m
  [1m[35m (0.6ms)[0m  [1m[34mSELECT "schema_migrations"."version" FROM "schema_migrations" ORDER BY "schema_migrations"."version" ASC[0m
Migrating to CreateItems (20210818080019)
  [1m[36mTRANSACTION (0.3ms)[0m  [1m[36mbegin transaction[0m
  [1m[35m (1.8ms)[0m  [1m[35mCREATE TABLE "items" ("id" integer PRIMARY KEY AUTOINCREMENT NOT NULL, "name" varchar, "price" varchar, "category" varchar, "type" varchar, "department" varchar, "sku" varchar, "created_at" datetime(6) NOT NULL, "updated_at" datetime(6) NOT NULL)[0m
  [1m[36mActiveRecord::SchemaMigration Create (1.1ms)[0m  [1m[32mINSERT INTO "schema_migrations" ("version") VALUES (?)[0m  [["version", "20210818080019"]]
  [1m[36mTRANSACTION (252.0ms)[0m  [1m[36mcommit transaction[0m
Migrating to CreateCustomers (20210818080348)
  [1m[36mTRANSACTION (0.2ms)[0m  [1m[36mbegin transaction[0m
  [1m[35m (0.8ms)[0m  [1m[35mCREATE TABLE "customers" ("id" integer PRIMARY KEY AUTOINCREMENT NOT NULL, "first_name" varchar, "last_name" varchar, "address" varchar, "email" varchar, "phone_number" varchar, "created_at" datetime(6) NOT NULL, "updated_at" datetime(6) NOT NULL)[0m
  [1m[36mActiveRecord::SchemaMigration Create (1.0ms)[0m  [1m[32mINSERT INTO "schema_migrations" ("version") VALUES (?)[0m  [["version", "20210818080348"]]
  [1m[36mTRANSACTION (142.3ms)[0m  [1m[36mcommit transaction[0m
  [1m[36mActiveRecord::InternalMetadata Load (0.6ms)[0m  [1m[34mSELECT "ar_internal_metadata".* FROM "ar_internal_metadata" WHERE "ar_internal_metadata"."key" = ? LIMIT ?[0m  [["key", "environment"], ["LIMIT", 1]]
  [1m[36mTRANSACTION (0.1ms)[0m  [1m[36mbegin transaction[0m
  [1m[36mActiveRecord::InternalMetadata Create (0.9ms)[0m  [1m[32mINSERT INTO "ar_internal_metadata" ("key", "value", "created_at", "updated_at") VALUES (?, ?, ?, ?)[0m  [["key", "environment"], ["value", "development"], ["created_at", "2021-08-20 15:32:29.992044"], ["updated_at", "2021-08-20 15:32:29.992044"]]
  [1m[36mTRANSACTION (123.2ms)[0m  [1m[36mcommit transaction[0m
  [1m[35m (0.2ms)[0m  [1m[34mSELECT sqlite_version(*)[0m
  [1m[35m (0.2ms)[0m  [1m[34mSELECT "schema_migrations"."version" FROM "schema_migrations" ORDER BY "schema_migrations"."version" ASC[0m
  [1m[35m (1.2ms)[0m  [1m[34mSELECT sqlite_version(*)[0m
  [1m[35m (0.3ms)[0m  [1m[34mSELECT "schema_migrations"."version" FROM "schema_migrations" ORDER BY "schema_migrations"."version" ASC[0m
  [1m[35m (0.5ms)[0m  [1m[34mSELECT sqlite_version(*)[0m
  [1m[36mTRANSACTION (0.3ms)[0m  [1m[36mbegin transaction[0m
  [1m[36mCustomer Create (1.3ms)[0m  [1m[32mINSERT INTO "customers" ("first_name", "last_name", "email", "phone_number", "created_at", "updated_at") VALUES (?, ?, ?, ?, ?, ?)[0m  [["first_name", "Ricky"], ["last_name", "Spanish"], ["email", "rickyspan1sh@aol.com"], ["phone_number", "555-555-5555"], ["created_at", "2021-08-20 15:46:05.774443"], ["updated_at", "2021-08-20 15:46:05.774443"]]
  [1m[36mTRANSACTION (141.0ms)[0m  [1m[36mcommit transaction[0m
Started GET "/" for ::1 at 2021-08-20 11:50:37 -0400
  [1m[35m (0.7ms)[0m  [1m[34mSELECT sqlite_version(*)[0m
  [1m[35m (0.2ms)[0m  [1m[34mSELECT "schema_migrations"."version" FROM "schema_migrations" ORDER BY "schema_migrations"."version" ASC[0m
Processing by Rails::WelcomeController#index as HTML
  Rendering /home/luisvera/.rvm/gems/ruby-2.6.1/gems/railties-6.1.4/lib/rails/templates/rails/welcome/index.html.erb
  Rendered /home/luisvera/.rvm/gems/ruby-2.6.1/gems/railties-6.1.4/lib/rails/templates/rails/welcome/index.html.erb (Duration: 26.5ms | Allocations: 477)
Completed 200 OK in 80ms (Views: 39.6ms | ActiveRecord: 0.0ms | Allocations: 4120)


Started GET "/favicon.ico" for ::1 at 2021-08-20 11:50:38 -0400
  
ActionController::RoutingError (No route matches [GET] "/favicon.ico"):
  
Started GET "/customers" for ::1 at 2021-08-20 11:50:45 -0400
  
SyntaxError (/home/luisvera/Development/code/phase/Phase_4/mean_clean_machine/mean_clean_machine_backend/mean_clean_machine-api/app/controllers/customers_controller.rb:8: syntax error, unexpected ')', expecting ']'
...ustomer.find_by([params: [:id])
...                              ^):
  
app/controllers/customers_controller.rb:8: syntax error, unexpected ')', expecting ']'
app/controllers/customers_controller.rb:8: syntax error, unexpected ')', expecting ']'
Started GET "/customers" for ::1 at 2021-08-20 11:51:34 -0400
  [1m[35m (1.9ms)[0m  [1m[34mSELECT sqlite_version(*)[0m
  [1m[35m (0.8ms)[0m  [1m[34mSELECT "schema_migrations"."version" FROM "schema_migrations" ORDER BY "schema_migrations"."version" ASC[0m
Processing by CustomersController#index as HTML
  [1m[36mCustomer Load (0.6ms)[0m  [1m[34mSELECT "customers".* FROM "customers"[0m
  ↳ app/controllers/customers_controller.rb:4:in `index'
Completed 200 OK in 55ms (Views: 0.3ms | ActiveRecord: 2.5ms | Allocations: 8119)


Started GET "/customers" for ::1 at 2021-08-20 11:54:15 -0400
Processing by CustomersController#index as */*
  [1m[36mCustomer Load (0.3ms)[0m  [1m[34mSELECT "customers".* FROM "customers"[0m
  ↳ app/controllers/customers_controller.rb:4:in `index'
Completed 200 OK in 13ms (Views: 0.4ms | ActiveRecord: 0.3ms | Allocations: 679)


Started GET "/customers" for ::1 at 2021-08-20 11:55:09 -0400
Processing by CustomersController#index as HTML
  [1m[36mCustomer Load (0.6ms)[0m  [1m[34mSELECT "customers".* FROM "customers"[0m
  ↳ app/controllers/customers_controller.rb:4:in `index'
Completed 200 OK in 14ms (Views: 0.3ms | ActiveRecord: 0.6ms | Allocations: 674)


Started GET "/customers" for ::1 at 2021-08-20 12:02:25 -0400
Processing by CustomersController#index as */*
  [1m[35m (0.2ms)[0m  [1m[34mSELECT sqlite_version(*)[0m
  ↳ app/controllers/customers_controller.rb:4:in `index'
  [1m[36mCustomer Load (0.7ms)[0m  [1m[34mSELECT "customers".* FROM "customers"[0m
  ↳ app/controllers/customers_controller.rb:4:in `index'
Completed 200 OK in 13ms (Views: 0.5ms | ActiveRecord: 1.8ms | Allocations: 1169)


Started GET "/customers" for ::1 at 2021-08-20 12:09:16 -0400
Processing by CustomersController#index as */*
  [1m[35m (0.3ms)[0m  [1m[34mSELECT sqlite_version(*)[0m
  ↳ app/controllers/customers_controller.rb:4:in `index'
  [1m[36mCustomer Load (0.6ms)[0m  [1m[34mSELECT "customers".* FROM "customers"[0m
  ↳ app/controllers/customers_controller.rb:4:in `index'
Completed 200 OK in 20ms (Views: 0.4ms | ActiveRecord: 1.8ms | Allocations: 1187)


Started GET "/customers" for ::1 at 2021-08-20 12:15:29 -0400
Processing by CustomersController#index as */*
  [1m[35m (0.3ms)[0m  [1m[34mSELECT sqlite_version(*)[0m
  ↳ app/controllers/customers_controller.rb:4:in `index'
  [1m[36mCustomer Load (0.6ms)[0m  [1m[34mSELECT "customers".* FROM "customers"[0m
  ↳ app/controllers/customers_controller.rb:4:in `index'
Completed 200 OK in 14ms (Views: 0.3ms | ActiveRecord: 2.0ms | Allocations: 1168)


Started GET "/customers" for ::1 at 2021-08-20 12:16:06 -0400
  [1m[35m (0.8ms)[0m  [1m[34mSELECT sqlite_version(*)[0m
  [1m[35m (0.3ms)[0m  [1m[34mSELECT "schema_migrations"."version" FROM "schema_migrations" ORDER BY "schema_migrations"."version" ASC[0m
Processing by CustomersController#index as */*
  [1m[36mCustomer Load (0.3ms)[0m  [1m[34mSELECT "customers".* FROM "customers"[0m
  ↳ app/controllers/customers_controller.rb:4:in `index'
Completed 200 OK in 29ms (Views: 0.3ms | ActiveRecord: 1.3ms | Allocations: 8123)


Started GET "/customers" for ::1 at 2021-08-20 12:17:23 -0400
Processing by CustomersController#index as */*
  [1m[36mCustomer Load (0.4ms)[0m  [1m[34mSELECT "customers".* FROM "customers"[0m
  ↳ app/controllers/customers_controller.rb:4:in `index'
Completed 200 OK in 12ms (Views: 0.3ms | ActiveRecord: 0.4ms | Allocations: 678)


Started GET "/customers" for ::1 at 2021-08-20 12:17:36 -0400
Processing by CustomersController#index as */*
  [1m[36mCustomer Load (0.4ms)[0m  [1m[34mSELECT "customers".* FROM "customers"[0m
  ↳ app/controllers/customers_controller.rb:4:in `index'
Completed 200 OK in 14ms (Views: 0.5ms | ActiveRecord: 0.4ms | Allocations: 678)


Started GET "/customers" for ::1 at 2021-08-20 12:18:51 -0400
Processing by CustomersController#index as */*
  [1m[36mCustomer Load (0.4ms)[0m  [1m[34mSELECT "customers".* FROM "customers"[0m
  ↳ app/controllers/customers_controller.rb:4:in `index'
Completed 200 OK in 10ms (Views: 0.4ms | ActiveRecord: 0.4ms | Allocations: 660)


Started GET "/customers" for ::1 at 2021-08-20 12:20:19 -0400
Processing by CustomersController#index as */*
  [1m[36mCustomer Load (0.3ms)[0m  [1m[34mSELECT "customers".* FROM "customers"[0m
  ↳ app/controllers/customers_controller.rb:4:in `index'
Completed 200 OK in 7ms (Views: 0.4ms | ActiveRecord: 0.3ms | Allocations: 660)


Started GET "/customers" for ::1 at 2021-08-20 12:20:22 -0400
Processing by CustomersController#index as */*
  [1m[36mCustomer Load (0.5ms)[0m  [1m[34mSELECT "customers".* FROM "customers"[0m
  ↳ app/controllers/customers_controller.rb:4:in `index'
Completed 200 OK in 11ms (Views: 0.3ms | ActiveRecord: 0.5ms | Allocations: 660)


Started GET "/customers" for ::1 at 2021-08-20 12:20:22 -0400
Processing by CustomersController#index as */*
  [1m[36mCustomer Load (0.3ms)[0m  [1m[34mSELECT "customers".* FROM "customers"[0m
  ↳ app/controllers/customers_controller.rb:4:in `index'
Completed 200 OK in 8ms (Views: 0.2ms | ActiveRecord: 0.3ms | Allocations: 678)


Started GET "/customers" for ::1 at 2021-08-20 12:27:21 -0400
Processing by CustomersController#index as */*
  [1m[35m (0.2ms)[0m  [1m[34mSELECT sqlite_version(*)[0m
  ↳ app/controllers/customers_controller.rb:4:in `index'
  [1m[36mCustomer Load (0.5ms)[0m  [1m[34mSELECT "customers".* FROM "customers"[0m
  ↳ app/controllers/customers_controller.rb:4:in `index'
Completed 200 OK in 17ms (Views: 0.2ms | ActiveRecord: 4.2ms | Allocations: 1187)


Started GET "/customers" for ::1 at 2021-08-20 12:28:40 -0400
Processing by CustomersController#index as */*
  [1m[36mCustomer Load (0.4ms)[0m  [1m[34mSELECT "customers".* FROM "customers"[0m
  ↳ app/controllers/customers_controller.rb:4:in `index'
Completed 200 OK in 8ms (Views: 0.4ms | ActiveRecord: 0.4ms | Allocations: 660)


Started GET "/customers" for ::1 at 2021-08-20 12:29:55 -0400
Processing by CustomersController#index as */*
  [1m[36mCustomer Load (0.3ms)[0m  [1m[34mSELECT "customers".* FROM "customers"[0m
  ↳ app/controllers/customers_controller.rb:4:in `index'
Completed 200 OK in 10ms (Views: 0.6ms | ActiveRecord: 0.3ms | Allocations: 660)


Started GET "/customers" for ::1 at 2021-08-20 12:30:08 -0400
Processing by CustomersController#index as */*
  [1m[36mCustomer Load (0.6ms)[0m  [1m[34mSELECT "customers".* FROM "customers"[0m
  ↳ app/controllers/customers_controller.rb:4:in `index'
Completed 200 OK in 9ms (Views: 0.3ms | ActiveRecord: 0.6ms | Allocations: 660)


Started GET "/customers" for ::1 at 2021-08-20 12:30:22 -0400
Processing by CustomersController#index as */*
  [1m[36mCustomer Load (0.4ms)[0m  [1m[34mSELECT "customers".* FROM "customers"[0m
  ↳ app/controllers/customers_controller.rb:4:in `index'
Completed 200 OK in 10ms (Views: 0.5ms | ActiveRecord: 0.4ms | Allocations: 660)


Started GET "/customers" for ::1 at 2021-08-20 12:38:28 -0400
Processing by CustomersController#index as */*
  [1m[35m (0.2ms)[0m  [1m[34mSELECT sqlite_version(*)[0m
  ↳ app/controllers/customers_controller.rb:4:in `index'
  [1m[36mCustomer Load (0.9ms)[0m  [1m[34mSELECT "customers".* FROM "customers"[0m
  ↳ app/controllers/customers_controller.rb:4:in `index'
Completed 200 OK in 17ms (Views: 0.6ms | ActiveRecord: 1.9ms | Allocations: 1169)


Started GET "/customers" for ::1 at 2021-08-20 12:42:43 -0400
Processing by CustomersController#index as */*
  [1m[36mCustomer Load (0.3ms)[0m  [1m[34mSELECT "customers".* FROM "customers"[0m
  ↳ app/controllers/customers_controller.rb:4:in `index'
Completed 200 OK in 12ms (Views: 0.3ms | ActiveRecord: 0.3ms | Allocations: 660)


Started GET "/customers" for ::1 at 2021-08-20 12:43:01 -0400
Processing by CustomersController#index as */*
  [1m[36mCustomer Load (0.4ms)[0m  [1m[34mSELECT "customers".* FROM "customers"[0m
  ↳ app/controllers/customers_controller.rb:4:in `index'
Completed 200 OK in 12ms (Views: 0.2ms | ActiveRecord: 0.4ms | Allocations: 660)


Started GET "/customers" for ::1 at 2021-08-20 12:43:05 -0400
Processing by CustomersController#index as */*
  [1m[36mCustomer Load (0.4ms)[0m  [1m[34mSELECT "customers".* FROM "customers"[0m
  ↳ app/controllers/customers_controller.rb:4:in `index'
Completed 200 OK in 14ms (Views: 0.5ms | ActiveRecord: 0.4ms | Allocations: 660)


Started GET "/customers" for ::1 at 2021-08-20 12:44:33 -0400
Processing by CustomersController#index as */*
  [1m[36mCustomer Load (0.3ms)[0m  [1m[34mSELECT "customers".* FROM "customers"[0m
  ↳ app/controllers/customers_controller.rb:4:in `index'
Completed 200 OK in 16ms (Views: 0.5ms | ActiveRecord: 0.3ms | Allocations: 660)


Started GET "/customers" for ::1 at 2021-08-20 12:45:02 -0400
Processing by CustomersController#index as */*
  [1m[36mCustomer Load (0.4ms)[0m  [1m[34mSELECT "customers".* FROM "customers"[0m
  ↳ app/controllers/customers_controller.rb:4:in `index'
Completed 200 OK in 10ms (Views: 0.4ms | ActiveRecord: 0.4ms | Allocations: 660)


Started GET "/customers" for ::1 at 2021-08-20 12:45:06 -0400
Processing by CustomersController#index as */*
  [1m[36mCustomer Load (0.6ms)[0m  [1m[34mSELECT "customers".* FROM "customers"[0m
  ↳ app/controllers/customers_controller.rb:4:in `index'
Completed 200 OK in 12ms (Views: 0.4ms | ActiveRecord: 0.6ms | Allocations: 660)


Started GET "/customers" for ::1 at 2021-08-20 12:48:41 -0400
Processing by CustomersController#index as */*
  [1m[36mCustomer Load (0.3ms)[0m  [1m[34mSELECT "customers".* FROM "customers"[0m
  ↳ app/controllers/customers_controller.rb:4:in `index'
Completed 200 OK in 7ms (Views: 0.3ms | ActiveRecord: 0.3ms | Allocations: 660)


Started GET "/customers" for ::1 at 2021-08-20 12:49:00 -0400
Processing by CustomersController#index as */*
  [1m[36mCustomer Load (0.4ms)[0m  [1m[34mSELECT "customers".* FROM "customers"[0m
  ↳ app/controllers/customers_controller.rb:4:in `index'
Completed 200 OK in 11ms (Views: 0.2ms | ActiveRecord: 0.4ms | Allocations: 660)


Started GET "/customers" for ::1 at 2021-08-20 12:49:04 -0400
Processing by CustomersController#index as */*
  [1m[36mCustomer Load (0.4ms)[0m  [1m[34mSELECT "customers".* FROM "customers"[0m
  ↳ app/controllers/customers_controller.rb:4:in `index'
Completed 200 OK in 9ms (Views: 0.9ms | ActiveRecord: 0.4ms | Allocations: 660)


Started GET "/customers" for ::1 at 2021-08-20 12:49:56 -0400
Processing by CustomersController#index as */*
  [1m[36mCustomer Load (0.5ms)[0m  [1m[34mSELECT "customers".* FROM "customers"[0m
  ↳ app/controllers/customers_controller.rb:4:in `index'
Completed 200 OK in 10ms (Views: 0.3ms | ActiveRecord: 0.5ms | Allocations: 660)


Started GET "/customers" for ::1 at 2021-08-20 12:49:57 -0400
Processing by CustomersController#index as */*
  [1m[36mCustomer Load (0.4ms)[0m  [1m[34mSELECT "customers".* FROM "customers"[0m
  ↳ app/controllers/customers_controller.rb:4:in `index'
Completed 200 OK in 10ms (Views: 2.5ms | ActiveRecord: 0.4ms | Allocations: 660)


Started GET "/customers" for ::1 at 2021-08-20 12:52:32 -0400
Processing by CustomersController#index as */*
  [1m[36mCustomer Load (0.3ms)[0m  [1m[34mSELECT "customers".* FROM "customers"[0m
  ↳ app/controllers/customers_controller.rb:4:in `index'
Completed 200 OK in 8ms (Views: 0.4ms | ActiveRecord: 0.3ms | Allocations: 660)


Started GET "/customers" for ::1 at 2021-08-20 12:52:36 -0400
Processing by CustomersController#index as */*
  [1m[36mCustomer Load (0.5ms)[0m  [1m[34mSELECT "customers".* FROM "customers"[0m
  ↳ app/controllers/customers_controller.rb:4:in `index'
Completed 200 OK in 11ms (Views: 0.6ms | ActiveRecord: 0.5ms | Allocations: 660)


Started GET "/customers" for ::1 at 2021-08-20 12:52:39 -0400
Processing by CustomersController#index as */*
  [1m[36mCustomer Load (0.5ms)[0m  [1m[34mSELECT "customers".* FROM "customers"[0m
  ↳ app/controllers/customers_controller.rb:4:in `index'
Completed 200 OK in 9ms (Views: 0.2ms | ActiveRecord: 0.5ms | Allocations: 660)


Started GET "/customers" for ::1 at 2021-08-20 12:52:52 -0400
Processing by CustomersController#index as */*
  [1m[36mCustomer Load (0.3ms)[0m  [1m[34mSELECT "customers".* FROM "customers"[0m
  ↳ app/controllers/customers_controller.rb:4:in `index'
Completed 200 OK in 10ms (Views: 0.6ms | ActiveRecord: 0.3ms | Allocations: 660)


Started GET "/customers" for ::1 at 2021-08-20 13:13:44 -0400
  [1m[35m (0.7ms)[0m  [1m[34mSELECT sqlite_version(*)[0m
  [1m[35m (0.2ms)[0m  [1m[34mSELECT "schema_migrations"."version" FROM "schema_migrations" ORDER BY "schema_migrations"."version" ASC[0m
Processing by CustomersController#index as */*
  [1m[36mCustomer Load (0.3ms)[0m  [1m[34mSELECT "customers".* FROM "customers"[0m
  ↳ app/controllers/customers_controller.rb:4:in `index'
Completed 200 OK in 51ms (Views: 0.3ms | ActiveRecord: 3.1ms | Allocations: 8122)


Started GET "/customers" for ::1 at 2021-08-20 13:13:48 -0400
Processing by CustomersController#index as */*
  [1m[36mCustomer Load (1.0ms)[0m  [1m[34mSELECT "customers".* FROM "customers"[0m
  ↳ app/controllers/customers_controller.rb:4:in `index'
Completed 200 OK in 9ms (Views: 0.2ms | ActiveRecord: 1.0ms | Allocations: 678)


Started GET "/customers" for ::1 at 2021-08-20 13:16:34 -0400
Processing by CustomersController#index as */*
  [1m[36mCustomer Load (0.4ms)[0m  [1m[34mSELECT "customers".* FROM "customers"[0m
  ↳ app/controllers/customers_controller.rb:4:in `index'
Completed 200 OK in 8ms (Views: 0.2ms | ActiveRecord: 0.4ms | Allocations: 678)


Started GET "/customers" for ::1 at 2021-08-20 13:16:35 -0400
Processing by CustomersController#index as */*
  [1m[36mCustomer Load (0.3ms)[0m  [1m[34mSELECT "customers".* FROM "customers"[0m
  ↳ app/controllers/customers_controller.rb:4:in `index'
Completed 200 OK in 14ms (Views: 0.9ms | ActiveRecord: 0.3ms | Allocations: 678)


Started GET "/customers" for ::1 at 2021-08-20 13:16:36 -0400
Processing by CustomersController#index as */*
  [1m[36mCustomer Load (0.5ms)[0m  [1m[34mSELECT "customers".* FROM "customers"[0m
  ↳ app/controllers/customers_controller.rb:4:in `index'
Completed 200 OK in 7ms (Views: 0.6ms | ActiveRecord: 0.5ms | Allocations: 660)


Started GET "/customers" for ::1 at 2021-08-20 13:16:41 -0400
Processing by CustomersController#index as */*
  [1m[36mCustomer Load (0.3ms)[0m  [1m[34mSELECT "customers".* FROM "customers"[0m
  ↳ app/controllers/customers_controller.rb:4:in `index'
Completed 200 OK in 6ms (Views: 0.3ms | ActiveRecord: 0.3ms | Allocations: 660)


Started GET "/customers" for ::1 at 2021-08-20 13:16:42 -0400
Processing by CustomersController#index as */*
  [1m[36mCustomer Load (0.6ms)[0m  [1m[34mSELECT "customers".* FROM "customers"[0m
  ↳ app/controllers/customers_controller.rb:4:in `index'
Completed 200 OK in 9ms (Views: 0.3ms | ActiveRecord: 0.6ms | Allocations: 678)


Started GET "/customers" for ::1 at 2021-08-20 13:16:43 -0400
Processing by CustomersController#index as */*
  [1m[36mCustomer Load (0.3ms)[0m  [1m[34mSELECT "customers".* FROM "customers"[0m
  ↳ app/controllers/customers_controller.rb:4:in `index'
Completed 200 OK in 10ms (Views: 0.2ms | ActiveRecord: 0.3ms | Allocations: 660)


Started GET "/customers" for ::1 at 2021-08-20 13:17:10 -0400
Processing by CustomersController#index as */*
  [1m[36mCustomer Load (0.6ms)[0m  [1m[34mSELECT "customers".* FROM "customers"[0m
  ↳ app/controllers/customers_controller.rb:4:in `index'
Completed 200 OK in 11ms (Views: 0.3ms | ActiveRecord: 0.6ms | Allocations: 660)


Started GET "/customers" for ::1 at 2021-08-20 13:17:25 -0400
Processing by CustomersController#index as */*
  [1m[36mCustomer Load (0.6ms)[0m  [1m[34mSELECT "customers".* FROM "customers"[0m
  ↳ app/controllers/customers_controller.rb:4:in `index'
Completed 200 OK in 13ms (Views: 0.4ms | ActiveRecord: 0.6ms | Allocations: 660)


Started GET "/customers" for ::1 at 2021-08-20 15:56:52 -0400
  [1m[35m (1.1ms)[0m  [1m[34mSELECT sqlite_version(*)[0m
  [1m[35m (0.6ms)[0m  [1m[34mSELECT "schema_migrations"."version" FROM "schema_migrations" ORDER BY "schema_migrations"."version" ASC[0m
Processing by CustomersController#index as */*
  [1m[36mCustomer Load (0.4ms)[0m  [1m[34mSELECT "customers".* FROM "customers"[0m
  ↳ app/controllers/customers_controller.rb:4:in `index'
Completed 200 OK in 43ms (Views: 0.4ms | ActiveRecord: 1.7ms | Allocations: 8122)


Started GET "/customers" for ::1 at 2021-08-20 15:57:25 -0400
Processing by CustomersController#index as */*
  [1m[36mCustomer Load (0.6ms)[0m  [1m[34mSELECT "customers".* FROM "customers"[0m
  ↳ app/controllers/customers_controller.rb:4:in `index'
Completed 200 OK in 9ms (Views: 0.3ms | ActiveRecord: 0.6ms | Allocations: 678)


Started GET "/customers" for ::1 at 2021-08-20 15:58:06 -0400
Processing by CustomersController#index as */*
  [1m[36mCustomer Load (0.5ms)[0m  [1m[34mSELECT "customers".* FROM "customers"[0m
  ↳ app/controllers/customers_controller.rb:4:in `index'
Completed 200 OK in 18ms (Views: 0.3ms | ActiveRecord: 0.5ms | Allocations: 678)


Started GET "/customers" for ::1 at 2021-08-20 15:59:29 -0400
Processing by CustomersController#index as */*
  [1m[36mCustomer Load (0.4ms)[0m  [1m[34mSELECT "customers".* FROM "customers"[0m
  ↳ app/controllers/customers_controller.rb:4:in `index'
Completed 200 OK in 11ms (Views: 5.2ms | ActiveRecord: 0.4ms | Allocations: 678)


Started GET "/customers" for ::1 at 2021-08-20 16:04:26 -0400
Processing by CustomersController#index as */*
  [1m[36mCustomer Load (0.3ms)[0m  [1m[34mSELECT "customers".* FROM "customers"[0m
  ↳ app/controllers/customers_controller.rb:4:in `index'
Completed 200 OK in 17ms (Views: 0.5ms | ActiveRecord: 0.3ms | Allocations: 678)


Started GET "/customers" for ::1 at 2021-08-20 16:13:21 -0400
Processing by CustomersController#index as */*
  [1m[35m (0.3ms)[0m  [1m[34mSELECT sqlite_version(*)[0m
  ↳ app/controllers/customers_controller.rb:4:in `index'
  [1m[36mCustomer Load (0.5ms)[0m  [1m[34mSELECT "customers".* FROM "customers"[0m
  ↳ app/controllers/customers_controller.rb:4:in `index'
Completed 200 OK in 21ms (Views: 0.4ms | ActiveRecord: 2.3ms | Allocations: 1168)


Started GET "/customers" for ::1 at 2021-08-20 16:18:14 -0400
Processing by CustomersController#index as */*
  [1m[36mCustomer Load (0.5ms)[0m  [1m[34mSELECT "customers".* FROM "customers"[0m
  ↳ app/controllers/customers_controller.rb:4:in `index'
Completed 200 OK in 9ms (Views: 0.3ms | ActiveRecord: 0.5ms | Allocations: 660)


Started GET "/customers" for ::1 at 2021-08-20 16:19:49 -0400
Processing by CustomersController#index as */*
  [1m[36mCustomer Load (0.2ms)[0m  [1m[34mSELECT "customers".* FROM "customers"[0m
  ↳ app/controllers/customers_controller.rb:4:in `index'
Completed 200 OK in 4ms (Views: 0.2ms | ActiveRecord: 0.2ms | Allocations: 660)


Started GET "/customers" for ::1 at 2021-08-20 16:20:31 -0400
Processing by CustomersController#index as */*
  [1m[36mCustomer Load (0.4ms)[0m  [1m[34mSELECT "customers".* FROM "customers"[0m
  ↳ app/controllers/customers_controller.rb:4:in `index'
Completed 200 OK in 9ms (Views: 0.4ms | ActiveRecord: 0.4ms | Allocations: 660)


Started GET "/customers" for ::1 at 2021-08-21 05:24:54 -0400
  [1m[35m (1.2ms)[0m  [1m[34mSELECT sqlite_version(*)[0m
  [1m[35m (0.3ms)[0m  [1m[34mSELECT "schema_migrations"."version" FROM "schema_migrations" ORDER BY "schema_migrations"."version" ASC[0m
Processing by CustomersController#index as */*
  [1m[36mCustomer Load (0.5ms)[0m  [1m[34mSELECT "customers".* FROM "customers"[0m
  ↳ app/controllers/customers_controller.rb:4:in `index'
Completed 200 OK in 42ms (Views: 0.4ms | ActiveRecord: 2.2ms | Allocations: 8121)


  [1m[35m (3.2ms)[0m  [1m[34mSELECT sqlite_version(*)[0m
  [1m[35m (0.2ms)[0m  [1m[34mSELECT "schema_migrations"."version" FROM "schema_migrations" ORDER BY "schema_migrations"."version" ASC[0m
  [1m[35m (0.2ms)[0m  [1m[34mSELECT sqlite_version(*)[0m
  [1m[36mTRANSACTION (0.1ms)[0m  [1m[36mbegin transaction[0m
  [1m[36mCustomer Create (0.5ms)[0m  [1m[32mINSERT INTO "customers" ("first_name", "last_name", "email", "phone_number", "created_at", "updated_at") VALUES (?, ?, ?, ?, ?, ?)[0m  [["first_name", "Ricky"], ["last_name", "Spanish"], ["email", "rickyspan1sh@aol.com"], ["phone_number", "555-555-5555"], ["created_at", "2021-08-21 09:55:54.019407"], ["updated_at", "2021-08-21 09:55:54.019407"]]
  [1m[36mTRANSACTION (176.5ms)[0m  [1m[36mcommit transaction[0m
  [1m[36mTRANSACTION (0.1ms)[0m  [1m[36mbegin transaction[0m
  [1m[36mCustomer Create (0.7ms)[0m  [1m[32mINSERT INTO "customers" ("first_name", "last_name", "email", "phone_number", "created_at", "updated_at") VALUES (?, ?, ?, ?, ?, ?)[0m  [["first_name", "Matilda"], ["last_name", "Woormwood"], ["email", "psychick@yahoo.com"], ["phone_number", "555-555-5555"], ["created_at", "2021-08-21 09:55:54.209219"], ["updated_at", "2021-08-21 09:55:54.209219"]]
  [1m[36mTRANSACTION (177.7ms)[0m  [1m[36mcommit transaction[0m
  [1m[36mTRANSACTION (0.1ms)[0m  [1m[36mbegin transaction[0m
  [1m[36mCustomer Create (0.8ms)[0m  [1m[32mINSERT INTO "customers" ("first_name", "last_name", "email", "phone_number", "created_at", "updated_at") VALUES (?, ?, ?, ?, ?, ?)[0m  [["first_name", ""], ["last_name", "Pitoo"], ["email", "secondpit@aol.com"], ["phone_number", "555-555-5555"], ["created_at", "2021-08-21 09:55:54.402069"], ["updated_at", "2021-08-21 09:55:54.402069"]]
  [1m[36mTRANSACTION (125.7ms)[0m  [1m[36mcommit transaction[0m
  [1m[36mTRANSACTION (0.1ms)[0m  [1m[36mbegin transaction[0m
  [1m[36mCustomer Create (1.9ms)[0m  [1m[32mINSERT INTO "customers" ("first_name", "last_name", "email", "phone_number", "created_at", "updated_at") VALUES (?, ?, ?, ?, ?, ?)[0m  [["first_name", ""], ["last_name", "Pit"], ["email", "firstpit@aol.com"], ["phone_number", "555-555-5555"], ["created_at", "2021-08-21 09:55:54.543909"], ["updated_at", "2021-08-21 09:55:54.543909"]]
  [1m[36mTRANSACTION (172.3ms)[0m  [1m[36mcommit transaction[0m
  [1m[36mTRANSACTION (0.1ms)[0m  [1m[36mbegin transaction[0m
  [1m[36mCustomer Create (1.1ms)[0m  [1m[32mINSERT INTO "customers" ("first_name", "last_name", "email", "phone_number", "created_at", "updated_at") VALUES (?, ?, ?, ?, ?, ?)[0m  [["first_name", "Reggie"], ["last_name", "Rocket"], ["email", ""], ["phone_number", ""], ["created_at", "2021-08-21 09:55:54.736114"], ["updated_at", "2021-08-21 09:55:54.736114"]]
  [1m[36mTRANSACTION (172.3ms)[0m  [1m[36mcommit transaction[0m
  [1m[36mTRANSACTION (0.2ms)[0m  [1m[36mbegin transaction[0m
  [1m[36mCustomer Create (1.1ms)[0m  [1m[32mINSERT INTO "customers" ("first_name", "last_name", "email", "phone_number", "created_at", "updated_at") VALUES (?, ?, ?, ?, ?, ?)[0m  [["first_name", "Otto"], ["last_name", "Rocket"], ["email", ""], ["phone_number", ""], ["created_at", "2021-08-21 09:55:54.927335"], ["updated_at", "2021-08-21 09:55:54.927335"]]
  [1m[36mTRANSACTION (167.7ms)[0m  [1m[36mcommit transaction[0m
  [1m[36mTRANSACTION (0.1ms)[0m  [1m[36mbegin transaction[0m
  [1m[36mCustomer Create (0.8ms)[0m  [1m[32mINSERT INTO "customers" ("first_name", "last_name", "email", "phone_number", "created_at", "updated_at") VALUES (?, ?, ?, ?, ?, ?)[0m  [["first_name", "Raymundo"], ["last_name", "Rocket"], ["email", "daddyrocket@aol.com"], ["phone_number", "555-555-5555"], ["created_at", "2021-08-21 09:55:55.122525"], ["updated_at", "2021-08-21 09:55:55.122525"]]
  [1m[36mTRANSACTION (120.3ms)[0m  [1m[36mcommit transaction[0m
  [1m[36mTRANSACTION (0.1ms)[0m  [1m[36mbegin transaction[0m
  [1m[36mCustomer Create (0.9ms)[0m  [1m[32mINSERT INTO "customers" ("first_name", "last_name", "email", "phone_number", "created_at", "updated_at") VALUES (?, ?, ?, ?, ?, ?)[0m  [["first_name", "Ash"], ["last_name", "Ketchum"], ["email", ""], ["phone_number", ""], ["created_at", "2021-08-21 09:55:55.261424"], ["updated_at", "2021-08-21 09:55:55.261424"]]
  [1m[36mTRANSACTION (109.2ms)[0m  [1m[36mcommit transaction[0m
  [1m[36mTRANSACTION (0.1ms)[0m  [1m[36mbegin transaction[0m
  [1m[36mCustomer Create (0.9ms)[0m  [1m[32mINSERT INTO "customers" ("first_name", "last_name", "email", "phone_number", "created_at", "updated_at") VALUES (?, ?, ?, ?, ?, ?)[0m  [["first_name", "Bernard"], ["last_name", "Sanders"], ["email", "icouldhavebeenpresidentifthedemocratsdidntcannabalizeme@whitehouse.gov"], ["phone_number", ""], ["created_at", "2021-08-21 09:55:55.391586"], ["updated_at", "2021-08-21 09:55:55.391586"]]
  [1m[36mTRANSACTION (130.5ms)[0m  [1m[36mcommit transaction[0m
  [1m[36mTRANSACTION (0.1ms)[0m  [1m[36mbegin transaction[0m
  [1m[36mCustomer Create (0.8ms)[0m  [1m[32mINSERT INTO "customers" ("first_name", "last_name", "email", "phone_number", "created_at", "updated_at") VALUES (?, ?, ?, ?, ?, ?)[0m  [["first_name", "Donald"], ["last_name", "Garison"], ["email", "yuge@trumpu.edu"], ["phone_number", ""], ["created_at", "2021-08-21 09:55:55.543962"], ["updated_at", "2021-08-21 09:55:55.543962"]]
  [1m[36mTRANSACTION (165.9ms)[0m  [1m[36mcommit transaction[0m
  [1m[36mTRANSACTION (0.2ms)[0m  [1m[36mbegin transaction[0m
  [1m[36mCustomer Create (1.0ms)[0m  [1m[32mINSERT INTO "customers" ("first_name", "last_name", "email", "phone_number", "created_at", "updated_at") VALUES (?, ?, ?, ?, ?, ?)[0m  [["first_name", ""], ["last_name", "test"], ["email", ""], ["phone_number", ""], ["created_at", "2021-08-21 09:55:55.733156"], ["updated_at", "2021-08-21 09:55:55.733156"]]
  [1m[36mTRANSACTION (124.5ms)[0m  [1m[36mcommit transaction[0m
  [1m[36mTRANSACTION (0.2ms)[0m  [1m[36mbegin transaction[0m
  [1m[36mCustomer Create (1.2ms)[0m  [1m[32mINSERT INTO "customers" ("first_name", "last_name", "email", "phone_number", "created_at", "updated_at") VALUES (?, ?, ?, ?, ?, ?)[0m  [["first_name", "Bubbles"], ["last_name", "n/a"], ["email", ""], ["phone_number", ""], ["created_at", "2021-08-21 09:55:55.890627"], ["updated_at", "2021-08-21 09:55:55.890627"]]
  [1m[36mTRANSACTION (130.7ms)[0m  [1m[36mcommit transaction[0m
  [1m[36mTRANSACTION (0.3ms)[0m  [1m[36mbegin transaction[0m
  [1m[36mCustomer Create (0.8ms)[0m  [1m[32mINSERT INTO "customers" ("first_name", "last_name", "email", "phone_number", "created_at", "updated_at") VALUES (?, ?, ?, ?, ?, ?)[0m  [["first_name", "LastPlaceHolder"], ["last_name", "Z"], ["email", ""], ["phone_number", ""], ["created_at", "2021-08-21 09:55:56.042586"], ["updated_at", "2021-08-21 09:55:56.042586"]]
  [1m[36mTRANSACTION (123.2ms)[0m  [1m[36mcommit transaction[0m
Started GET "/customers" for ::1 at 2021-08-21 05:56:49 -0400
  [1m[35m (1.6ms)[0m  [1m[34mSELECT sqlite_version(*)[0m
  [1m[35m (0.4ms)[0m  [1m[34mSELECT "schema_migrations"."version" FROM "schema_migrations" ORDER BY "schema_migrations"."version" ASC[0m
Processing by CustomersController#index as HTML
  [1m[36mCustomer Load (0.6ms)[0m  [1m[34mSELECT "customers".* FROM "customers"[0m
  ↳ app/controllers/customers_controller.rb:4:in `index'
Completed 200 OK in 54ms (Views: 0.3ms | ActiveRecord: 2.2ms | Allocations: 10085)


Started GET "/customers" for ::1 at 2021-08-21 05:58:35 -0400
  [1m[35m (1.5ms)[0m  [1m[34mSELECT sqlite_version(*)[0m
  [1m[35m (0.7ms)[0m  [1m[34mSELECT "schema_migrations"."version" FROM "schema_migrations" ORDER BY "schema_migrations"."version" ASC[0m
Processing by CustomersController#index as */*
  [1m[36mCustomer Load (0.7ms)[0m  [1m[34mSELECT "customers".* FROM "customers"[0m
  ↳ app/controllers/customers_controller.rb:4:in `index'
Completed 200 OK in 59ms (Views: 0.3ms | ActiveRecord: 2.4ms | Allocations: 10124)


Started GET "/customers" for ::1 at 2021-08-21 06:02:56 -0400
Processing by CustomersController#index as */*
  [1m[36mCustomer Load (0.9ms)[0m  [1m[34mSELECT "customers".* FROM "customers"[0m
  ↳ app/controllers/customers_controller.rb:4:in `index'
Completed 200 OK in 21ms (Views: 0.3ms | ActiveRecord: 0.9ms | Allocations: 2644)


Started GET "/customers" for ::1 at 2021-08-21 06:03:33 -0400
Processing by CustomersController#index as */*
  [1m[36mCustomer Load (0.8ms)[0m  [1m[34mSELECT "customers".* FROM "customers"[0m
  ↳ app/controllers/customers_controller.rb:4:in `index'
Completed 200 OK in 17ms (Views: 0.3ms | ActiveRecord: 0.8ms | Allocations: 2644)


Started GET "/customers" for ::1 at 2021-08-21 06:03:46 -0400
Processing by CustomersController#index as */*
  [1m[36mCustomer Load (0.5ms)[0m  [1m[34mSELECT "customers".* FROM "customers"[0m
  ↳ app/controllers/customers_controller.rb:4:in `index'
Completed 200 OK in 20ms (Views: 0.3ms | ActiveRecord: 0.5ms | Allocations: 2626)


Started GET "/customers" for ::1 at 2021-08-21 06:03:59 -0400
Processing by CustomersController#index as */*
  [1m[36mCustomer Load (0.6ms)[0m  [1m[34mSELECT "customers".* FROM "customers"[0m
  ↳ app/controllers/customers_controller.rb:4:in `index'
Completed 200 OK in 16ms (Views: 0.2ms | ActiveRecord: 0.6ms | Allocations: 2644)


Started GET "/customers" for ::1 at 2021-08-21 06:04:41 -0400
Processing by CustomersController#index as */*
  [1m[36mCustomer Load (0.6ms)[0m  [1m[34mSELECT "customers".* FROM "customers"[0m
  ↳ app/controllers/customers_controller.rb:4:in `index'
Completed 200 OK in 18ms (Views: 0.3ms | ActiveRecord: 0.6ms | Allocations: 2644)


Started GET "/customers" for ::1 at 2021-08-21 06:08:34 -0400
Processing by CustomersController#index as */*
  [1m[36mCustomer Load (0.9ms)[0m  [1m[34mSELECT "customers".* FROM "customers"[0m
  ↳ app/controllers/customers_controller.rb:4:in `index'
Completed 200 OK in 31ms (Views: 0.8ms | ActiveRecord: 0.9ms | Allocations: 2626)


Started GET "/customers" for ::1 at 2021-08-21 06:10:00 -0400
Processing by CustomersController#index as */*
  [1m[36mCustomer Load (0.6ms)[0m  [1m[34mSELECT "customers".* FROM "customers"[0m
  ↳ app/controllers/customers_controller.rb:4:in `index'
Completed 200 OK in 19ms (Views: 0.4ms | ActiveRecord: 0.6ms | Allocations: 2626)


Started GET "/customers" for ::1 at 2021-08-21 06:10:14 -0400
Processing by CustomersController#index as */*
  [1m[36mCustomer Load (0.8ms)[0m  [1m[34mSELECT "customers".* FROM "customers"[0m
  ↳ app/controllers/customers_controller.rb:4:in `index'
Completed 200 OK in 23ms (Views: 0.3ms | ActiveRecord: 0.8ms | Allocations: 2626)


Started GET "/customers" for ::1 at 2021-08-21 06:11:40 -0400
Processing by CustomersController#index as */*
  [1m[36mCustomer Load (0.5ms)[0m  [1m[34mSELECT "customers".* FROM "customers"[0m
  ↳ app/controllers/customers_controller.rb:4:in `index'
Completed 200 OK in 12ms (Views: 0.2ms | ActiveRecord: 0.5ms | Allocations: 2626)


Started GET "/customers" for ::1 at 2021-08-21 06:11:58 -0400
Processing by CustomersController#index as */*
  [1m[36mCustomer Load (0.7ms)[0m  [1m[34mSELECT "customers".* FROM "customers"[0m
  ↳ app/controllers/customers_controller.rb:4:in `index'
Completed 200 OK in 19ms (Views: 0.5ms | ActiveRecord: 0.7ms | Allocations: 2626)


Started GET "/customers" for ::1 at 2021-08-21 06:12:31 -0400
Processing by CustomersController#index as */*
  [1m[36mCustomer Load (0.7ms)[0m  [1m[34mSELECT "customers".* FROM "customers"[0m
  ↳ app/controllers/customers_controller.rb:4:in `index'
Completed 200 OK in 21ms (Views: 0.2ms | ActiveRecord: 0.7ms | Allocations: 2626)


Started GET "/customers" for ::1 at 2021-08-21 06:12:44 -0400
Processing by CustomersController#index as */*
  [1m[36mCustomer Load (1.0ms)[0m  [1m[34mSELECT "customers".* FROM "customers"[0m
  ↳ app/controllers/customers_controller.rb:4:in `index'
Completed 200 OK in 26ms (Views: 0.4ms | ActiveRecord: 1.0ms | Allocations: 2626)


Started GET "/customers" for ::1 at 2021-08-21 06:13:28 -0400
Processing by CustomersController#index as */*
  [1m[36mCustomer Load (0.6ms)[0m  [1m[34mSELECT "customers".* FROM "customers"[0m
  ↳ app/controllers/customers_controller.rb:4:in `index'
Completed 200 OK in 15ms (Views: 0.3ms | ActiveRecord: 0.6ms | Allocations: 2626)


Started GET "/customers" for ::1 at 2021-08-21 06:13:52 -0400
Processing by CustomersController#index as */*
  [1m[36mCustomer Load (0.4ms)[0m  [1m[34mSELECT "customers".* FROM "customers"[0m
  ↳ app/controllers/customers_controller.rb:4:in `index'
Completed 200 OK in 14ms (Views: 0.2ms | ActiveRecord: 0.4ms | Allocations: 2626)


Started GET "/customers" for ::1 at 2021-08-21 06:13:53 -0400
Processing by CustomersController#index as */*
  [1m[36mCustomer Load (1.8ms)[0m  [1m[34mSELECT "customers".* FROM "customers"[0m
  ↳ app/controllers/customers_controller.rb:4:in `index'
Completed 200 OK in 23ms (Views: 0.2ms | ActiveRecord: 1.8ms | Allocations: 2626)


Started GET "/customers" for ::1 at 2021-08-21 06:14:16 -0400
Processing by CustomersController#index as */*
  [1m[36mCustomer Load (1.4ms)[0m  [1m[34mSELECT "customers".* FROM "customers"[0m
  ↳ app/controllers/customers_controller.rb:4:in `index'
Completed 200 OK in 34ms (Views: 0.4ms | ActiveRecord: 1.4ms | Allocations: 2626)


Started GET "/customers" for ::1 at 2021-08-21 06:14:25 -0400
Processing by CustomersController#index as */*
  [1m[36mCustomer Load (0.5ms)[0m  [1m[34mSELECT "customers".* FROM "customers"[0m
  ↳ app/controllers/customers_controller.rb:4:in `index'
Completed 200 OK in 12ms (Views: 0.2ms | ActiveRecord: 0.5ms | Allocations: 2626)


Started GET "/customers" for ::1 at 2021-08-21 06:14:35 -0400
Processing by CustomersController#index as */*
  [1m[36mCustomer Load (1.9ms)[0m  [1m[34mSELECT "customers".* FROM "customers"[0m
  ↳ app/controllers/customers_controller.rb:4:in `index'
Completed 200 OK in 23ms (Views: 0.4ms | ActiveRecord: 1.9ms | Allocations: 2626)


Started GET "/customers" for ::1 at 2021-08-21 06:14:54 -0400
Processing by CustomersController#index as */*
  [1m[36mCustomer Load (0.9ms)[0m  [1m[34mSELECT "customers".* FROM "customers"[0m
  ↳ app/controllers/customers_controller.rb:4:in `index'
Completed 200 OK in 22ms (Views: 0.5ms | ActiveRecord: 0.9ms | Allocations: 2626)


Started GET "/customers" for ::1 at 2021-08-21 06:15:23 -0400
Processing by CustomersController#index as */*
  [1m[36mCustomer Load (0.5ms)[0m  [1m[34mSELECT "customers".* FROM "customers"[0m
  ↳ app/controllers/customers_controller.rb:4:in `index'
Completed 200 OK in 18ms (Views: 0.4ms | ActiveRecord: 0.5ms | Allocations: 2626)


Started GET "/customers" for ::1 at 2021-08-21 06:16:41 -0400
Processing by CustomersController#index as */*
  [1m[36mCustomer Load (0.5ms)[0m  [1m[34mSELECT "customers".* FROM "customers"[0m
  ↳ app/controllers/customers_controller.rb:4:in `index'
Completed 200 OK in 17ms (Views: 0.3ms | ActiveRecord: 0.5ms | Allocations: 2626)


Started GET "/customers" for ::1 at 2021-08-21 06:19:59 -0400
Processing by CustomersController#index as */*
  [1m[36mCustomer Load (0.3ms)[0m  [1m[34mSELECT "customers".* FROM "customers"[0m
  ↳ app/controllers/customers_controller.rb:4:in `index'
Completed 200 OK in 37ms (Views: 0.2ms | ActiveRecord: 0.3ms | Allocations: 2627)


Started GET "/customers" for ::1 at 2021-08-21 06:21:12 -0400
Processing by CustomersController#index as */*
  [1m[36mCustomer Load (3.4ms)[0m  [1m[34mSELECT "customers".* FROM "customers"[0m
  ↳ app/controllers/customers_controller.rb:4:in `index'
Completed 200 OK in 31ms (Views: 0.3ms | ActiveRecord: 3.4ms | Allocations: 2626)


Started GET "/customers" for ::1 at 2021-08-21 06:21:51 -0400
Processing by CustomersController#index as */*
  [1m[36mCustomer Load (0.5ms)[0m  [1m[34mSELECT "customers".* FROM "customers"[0m
  ↳ app/controllers/customers_controller.rb:4:in `index'
Completed 200 OK in 24ms (Views: 0.5ms | ActiveRecord: 0.5ms | Allocations: 2626)


Started GET "/customers" for ::1 at 2021-08-21 06:22:05 -0400
Processing by CustomersController#index as */*
  [1m[36mCustomer Load (0.5ms)[0m  [1m[34mSELECT "customers".* FROM "customers"[0m
  ↳ app/controllers/customers_controller.rb:4:in `index'
Completed 200 OK in 19ms (Views: 0.4ms | ActiveRecord: 0.5ms | Allocations: 2626)


Started GET "/customers" for ::1 at 2021-08-22 04:50:36 -0400
Processing by CustomersController#index as */*
  [1m[35m (0.2ms)[0m  [1m[34mSELECT sqlite_version(*)[0m
  ↳ app/controllers/customers_controller.rb:4:in `index'
  [1m[36mCustomer Load (0.6ms)[0m  [1m[34mSELECT "customers".* FROM "customers"[0m
  ↳ app/controllers/customers_controller.rb:4:in `index'
Completed 200 OK in 32ms (Views: 0.4ms | ActiveRecord: 1.9ms | Allocations: 3136)


Started GET "/customers" for ::1 at 2021-08-22 04:51:43 -0400
Processing by CustomersController#index as */*
  [1m[36mCustomer Load (0.4ms)[0m  [1m[34mSELECT "customers".* FROM "customers"[0m
  ↳ app/controllers/customers_controller.rb:4:in `index'
Completed 200 OK in 13ms (Views: 0.2ms | ActiveRecord: 0.4ms | Allocations: 2626)


Started GET "/customers" for ::1 at 2021-08-22 04:53:30 -0400
Processing by CustomersController#index as */*
  [1m[36mCustomer Load (0.6ms)[0m  [1m[34mSELECT "customers".* FROM "customers"[0m
  ↳ app/controllers/customers_controller.rb:4:in `index'
Completed 200 OK in 19ms (Views: 0.4ms | ActiveRecord: 0.6ms | Allocations: 2626)


Started GET "/customers" for ::1 at 2021-08-22 04:57:17 -0400
Processing by CustomersController#index as */*
  [1m[36mCustomer Load (0.4ms)[0m  [1m[34mSELECT "customers".* FROM "customers"[0m
  ↳ app/controllers/customers_controller.rb:4:in `index'
Completed 200 OK in 11ms (Views: 0.4ms | ActiveRecord: 0.4ms | Allocations: 2626)


Started GET "/customers" for ::1 at 2021-08-22 04:57:37 -0400
Processing by CustomersController#index as */*
  [1m[36mCustomer Load (0.5ms)[0m  [1m[34mSELECT "customers".* FROM "customers"[0m
  ↳ app/controllers/customers_controller.rb:4:in `index'
Completed 200 OK in 34ms (Views: 0.4ms | ActiveRecord: 0.5ms | Allocations: 2626)


Started GET "/customers" for ::1 at 2021-08-22 05:00:14 -0400
Processing by CustomersController#index as */*
  [1m[36mCustomer Load (0.6ms)[0m  [1m[34mSELECT "customers".* FROM "customers"[0m
  ↳ app/controllers/customers_controller.rb:4:in `index'
Completed 200 OK in 15ms (Views: 0.2ms | ActiveRecord: 0.6ms | Allocations: 2626)


Started GET "/customers" for ::1 at 2021-08-22 05:01:25 -0400
Processing by CustomersController#index as */*
  [1m[36mCustomer Load (0.4ms)[0m  [1m[34mSELECT "customers".* FROM "customers"[0m
  ↳ app/controllers/customers_controller.rb:4:in `index'
Completed 200 OK in 13ms (Views: 0.5ms | ActiveRecord: 0.4ms | Allocations: 2626)


Started GET "/customers" for ::1 at 2021-08-22 05:01:33 -0400
Processing by CustomersController#index as */*
  [1m[36mCustomer Load (2.5ms)[0m  [1m[34mSELECT "customers".* FROM "customers"[0m
  ↳ app/controllers/customers_controller.rb:4:in `index'
Completed 200 OK in 21ms (Views: 0.4ms | ActiveRecord: 2.5ms | Allocations: 2626)


Started GET "/customers" for ::1 at 2021-08-22 05:01:37 -0400
Processing by CustomersController#index as */*
  [1m[36mCustomer Load (0.6ms)[0m  [1m[34mSELECT "customers".* FROM "customers"[0m
  ↳ app/controllers/customers_controller.rb:4:in `index'
Completed 200 OK in 19ms (Views: 0.3ms | ActiveRecord: 0.6ms | Allocations: 2626)


Started GET "/customers" for ::1 at 2021-08-22 05:03:01 -0400
Processing by CustomersController#index as */*
  [1m[36mCustomer Load (0.9ms)[0m  [1m[34mSELECT "customers".* FROM "customers"[0m
  ↳ app/controllers/customers_controller.rb:4:in `index'
Completed 200 OK in 20ms (Views: 1.1ms | ActiveRecord: 0.9ms | Allocations: 2626)


Started GET "/customers" for ::1 at 2021-08-22 05:04:22 -0400
Processing by CustomersController#index as */*
  [1m[36mCustomer Load (1.4ms)[0m  [1m[34mSELECT "customers".* FROM "customers"[0m
  ↳ app/controllers/customers_controller.rb:4:in `index'
Completed 200 OK in 24ms (Views: 0.4ms | ActiveRecord: 1.4ms | Allocations: 2626)


Started GET "/customers" for ::1 at 2021-08-22 05:05:03 -0400
  [1m[35m (1.2ms)[0m  [1m[34mSELECT sqlite_version(*)[0m
  [1m[35m (0.4ms)[0m  [1m[34mSELECT "schema_migrations"."version" FROM "schema_migrations" ORDER BY "schema_migrations"."version" ASC[0m
Processing by CustomersController#index as */*
  [1m[36mCustomer Load (0.6ms)[0m  [1m[34mSELECT "customers".* FROM "customers"[0m
  ↳ app/controllers/customers_controller.rb:4:in `index'
Completed 200 OK in 45ms (Views: 0.3ms | ActiveRecord: 1.9ms | Allocations: 10089)


Started GET "/customers" for ::1 at 2021-08-22 05:05:10 -0400
Processing by CustomersController#index as */*
  [1m[36mCustomer Load (0.5ms)[0m  [1m[34mSELECT "customers".* FROM "customers"[0m
  ↳ app/controllers/customers_controller.rb:4:in `index'
Completed 200 OK in 12ms (Views: 0.3ms | ActiveRecord: 0.5ms | Allocations: 2644)


Started GET "/customers" for ::1 at 2021-08-22 05:06:54 -0400
Processing by CustomersController#index as */*
  [1m[36mCustomer Load (0.7ms)[0m  [1m[34mSELECT "customers".* FROM "customers"[0m
  ↳ app/controllers/customers_controller.rb:4:in `index'
Completed 200 OK in 19ms (Views: 0.4ms | ActiveRecord: 0.7ms | Allocations: 2644)


Started GET "/customers" for ::1 at 2021-08-22 05:07:25 -0400
Processing by CustomersController#index as */*
  [1m[36mCustomer Load (0.4ms)[0m  [1m[34mSELECT "customers".* FROM "customers"[0m
  ↳ app/controllers/customers_controller.rb:4:in `index'
Completed 200 OK in 12ms (Views: 0.2ms | ActiveRecord: 0.4ms | Allocations: 2626)


Started GET "/customers" for ::1 at 2021-08-22 05:08:59 -0400
Processing by CustomersController#index as */*
  [1m[36mCustomer Load (0.6ms)[0m  [1m[34mSELECT "customers".* FROM "customers"[0m
  ↳ app/controllers/customers_controller.rb:4:in `index'
Completed 200 OK in 17ms (Views: 0.2ms | ActiveRecord: 0.6ms | Allocations: 2644)


Started GET "/customers" for ::1 at 2021-08-22 05:14:41 -0400
Processing by CustomersController#index as */*
  [1m[35m (0.5ms)[0m  [1m[34mSELECT sqlite_version(*)[0m
  ↳ app/controllers/customers_controller.rb:4:in `index'
  [1m[36mCustomer Load (6.8ms)[0m  [1m[34mSELECT "customers".* FROM "customers"[0m
  ↳ app/controllers/customers_controller.rb:4:in `index'
Completed 200 OK in 34ms (Views: 0.4ms | ActiveRecord: 12.1ms | Allocations: 3153)


Started GET "/customers" for ::1 at 2021-08-22 05:15:15 -0400
Processing by CustomersController#index as */*
  [1m[36mCustomer Load (0.7ms)[0m  [1m[34mSELECT "customers".* FROM "customers"[0m
  ↳ app/controllers/customers_controller.rb:4:in `index'
Completed 200 OK in 26ms (Views: 0.5ms | ActiveRecord: 0.7ms | Allocations: 2626)


Started GET "/customers" for ::1 at 2021-08-22 05:15:41 -0400
Processing by CustomersController#index as */*
  [1m[36mCustomer Load (0.3ms)[0m  [1m[34mSELECT "customers".* FROM "customers"[0m
  ↳ app/controllers/customers_controller.rb:4:in `index'
Completed 200 OK in 22ms (Views: 0.3ms | ActiveRecord: 0.3ms | Allocations: 2626)


Started GET "/customers" for ::1 at 2021-08-22 05:15:59 -0400
Processing by CustomersController#index as */*
  [1m[36mCustomer Load (0.9ms)[0m  [1m[34mSELECT "customers".* FROM "customers"[0m
  ↳ app/controllers/customers_controller.rb:4:in `index'
Completed 200 OK in 20ms (Views: 0.4ms | ActiveRecord: 0.9ms | Allocations: 2626)


Started GET "/customers" for ::1 at 2021-08-22 05:18:47 -0400
Processing by CustomersController#index as */*
  [1m[36mCustomer Load (0.5ms)[0m  [1m[34mSELECT "customers".* FROM "customers"[0m
  ↳ app/controllers/customers_controller.rb:4:in `index'
Completed 200 OK in 25ms (Views: 0.3ms | ActiveRecord: 0.5ms | Allocations: 2626)


Started GET "/customers" for ::1 at 2021-08-22 05:19:21 -0400
Processing by CustomersController#index as */*
  [1m[36mCustomer Load (0.4ms)[0m  [1m[34mSELECT "customers".* FROM "customers"[0m
  ↳ app/controllers/customers_controller.rb:4:in `index'
Completed 200 OK in 12ms (Views: 0.2ms | ActiveRecord: 0.4ms | Allocations: 2626)


Started GET "/customers" for ::1 at 2021-08-22 05:19:35 -0400
Processing by CustomersController#index as */*
  [1m[36mCustomer Load (0.4ms)[0m  [1m[34mSELECT "customers".* FROM "customers"[0m
  ↳ app/controllers/customers_controller.rb:4:in `index'
Completed 200 OK in 10ms (Views: 0.2ms | ActiveRecord: 0.4ms | Allocations: 2626)


Started GET "/customers" for ::1 at 2021-08-22 05:22:33 -0400
Processing by CustomersController#index as */*
  [1m[36mCustomer Load (0.6ms)[0m  [1m[34mSELECT "customers".* FROM "customers"[0m
  ↳ app/controllers/customers_controller.rb:4:in `index'
Completed 200 OK in 16ms (Views: 0.2ms | ActiveRecord: 0.6ms | Allocations: 2626)


Started GET "/customers" for ::1 at 2021-08-22 05:27:01 -0400
Processing by CustomersController#index as */*
  [1m[36mCustomer Load (0.6ms)[0m  [1m[34mSELECT "customers".* FROM "customers"[0m
  ↳ app/controllers/customers_controller.rb:4:in `index'
Completed 200 OK in 17ms (Views: 0.4ms | ActiveRecord: 0.6ms | Allocations: 2626)


Started GET "/customers" for ::1 at 2021-08-22 05:32:43 -0400
Processing by CustomersController#index as */*
  [1m[35m (0.6ms)[0m  [1m[34mSELECT sqlite_version(*)[0m
  ↳ app/controllers/customers_controller.rb:4:in `index'
  [1m[36mCustomer Load (0.8ms)[0m  [1m[34mSELECT "customers".* FROM "customers"[0m
  ↳ app/controllers/customers_controller.rb:4:in `index'
Completed 200 OK in 32ms (Views: 0.3ms | ActiveRecord: 2.5ms | Allocations: 3134)


Started GET "/customers" for ::1 at 2021-08-22 05:35:31 -0400
Processing by CustomersController#index as */*
  [1m[36mCustomer Load (0.5ms)[0m  [1m[34mSELECT "customers".* FROM "customers"[0m
  ↳ app/controllers/customers_controller.rb:4:in `index'
Completed 200 OK in 18ms (Views: 0.3ms | ActiveRecord: 0.5ms | Allocations: 2626)


Started GET "/customers" for ::1 at 2021-08-22 05:35:56 -0400
Processing by CustomersController#index as */*
  [1m[36mCustomer Load (0.5ms)[0m  [1m[34mSELECT "customers".* FROM "customers"[0m
  ↳ app/controllers/customers_controller.rb:4:in `index'
Completed 200 OK in 35ms (Views: 0.3ms | ActiveRecord: 0.5ms | Allocations: 2626)


Started GET "/customers" for ::1 at 2021-08-22 05:42:08 -0400
Processing by CustomersController#index as */*
  [1m[35m (0.3ms)[0m  [1m[34mSELECT sqlite_version(*)[0m
  ↳ app/controllers/customers_controller.rb:4:in `index'
  [1m[36mCustomer Load (1.0ms)[0m  [1m[34mSELECT "customers".* FROM "customers"[0m
  ↳ app/controllers/customers_controller.rb:4:in `index'
Completed 200 OK in 30ms (Views: 0.6ms | ActiveRecord: 3.5ms | Allocations: 3135)


Started GET "/customers" for ::1 at 2021-08-22 05:45:14 -0400
Processing by CustomersController#index as */*
  [1m[36mCustomer Load (0.6ms)[0m  [1m[34mSELECT "customers".* FROM "customers"[0m
  ↳ app/controllers/customers_controller.rb:4:in `index'
Completed 200 OK in 11ms (Views: 0.2ms | ActiveRecord: 0.6ms | Allocations: 2626)


Started GET "/customers" for ::1 at 2021-08-22 05:47:01 -0400
Processing by CustomersController#index as */*
  [1m[36mCustomer Load (0.3ms)[0m  [1m[34mSELECT "customers".* FROM "customers"[0m
  ↳ app/controllers/customers_controller.rb:4:in `index'
Completed 200 OK in 14ms (Views: 0.2ms | ActiveRecord: 0.3ms | Allocations: 2626)


Started GET "/customers" for ::1 at 2021-08-22 05:47:47 -0400
Processing by CustomersController#index as */*
  [1m[36mCustomer Load (0.4ms)[0m  [1m[34mSELECT "customers".* FROM "customers"[0m
  ↳ app/controllers/customers_controller.rb:4:in `index'
Completed 200 OK in 35ms (Views: 0.2ms | ActiveRecord: 0.4ms | Allocations: 2627)


Started GET "/customers" for ::1 at 2021-08-22 05:51:11 -0400
Processing by CustomersController#index as */*
  [1m[36mCustomer Load (0.6ms)[0m  [1m[34mSELECT "customers".* FROM "customers"[0m
  ↳ app/controllers/customers_controller.rb:4:in `index'
Completed 200 OK in 13ms (Views: 0.3ms | ActiveRecord: 0.6ms | Allocations: 2626)


Started GET "/customers" for ::1 at 2021-08-22 05:51:13 -0400
Processing by CustomersController#index as */*
  [1m[36mCustomer Load (0.6ms)[0m  [1m[34mSELECT "customers".* FROM "customers"[0m
  ↳ app/controllers/customers_controller.rb:4:in `index'
Completed 200 OK in 23ms (Views: 1.2ms | ActiveRecord: 0.6ms | Allocations: 2626)


Started GET "/customers" for ::1 at 2021-08-22 05:51:21 -0400
Processing by CustomersController#index as */*
  [1m[36mCustomer Load (1.5ms)[0m  [1m[34mSELECT "customers".* FROM "customers"[0m
  ↳ app/controllers/customers_controller.rb:4:in `index'
Completed 200 OK in 29ms (Views: 0.3ms | ActiveRecord: 1.5ms | Allocations: 2626)


Started GET "/customers" for ::1 at 2021-08-22 05:51:35 -0400
Processing by CustomersController#index as */*
  [1m[36mCustomer Load (0.6ms)[0m  [1m[34mSELECT "customers".* FROM "customers"[0m
  ↳ app/controllers/customers_controller.rb:4:in `index'
Completed 200 OK in 18ms (Views: 0.2ms | ActiveRecord: 0.6ms | Allocations: 2626)


Started GET "/customers" for ::1 at 2021-08-22 05:52:03 -0400
Processing by CustomersController#index as */*
  [1m[36mCustomer Load (0.8ms)[0m  [1m[34mSELECT "customers".* FROM "customers"[0m
  ↳ app/controllers/customers_controller.rb:4:in `index'
Completed 200 OK in 17ms (Views: 0.3ms | ActiveRecord: 0.8ms | Allocations: 2626)


Started GET "/customers" for ::1 at 2021-08-22 05:53:56 -0400
Processing by CustomersController#index as */*
  [1m[36mCustomer Load (0.8ms)[0m  [1m[34mSELECT "customers".* FROM "customers"[0m
  ↳ app/controllers/customers_controller.rb:4:in `index'
Completed 200 OK in 20ms (Views: 0.2ms | ActiveRecord: 0.8ms | Allocations: 2626)


Started GET "/customers" for ::1 at 2021-08-22 05:56:05 -0400
Processing by CustomersController#index as */*
  [1m[36mCustomer Load (0.5ms)[0m  [1m[34mSELECT "customers".* FROM "customers"[0m
  ↳ app/controllers/customers_controller.rb:4:in `index'
Completed 200 OK in 17ms (Views: 0.2ms | ActiveRecord: 0.5ms | Allocations: 2626)


Started GET "/customers" for ::1 at 2021-08-22 05:56:26 -0400
Processing by CustomersController#index as */*
  [1m[36mCustomer Load (0.3ms)[0m  [1m[34mSELECT "customers".* FROM "customers"[0m
  ↳ app/controllers/customers_controller.rb:4:in `index'
Completed 200 OK in 23ms (Views: 0.5ms | ActiveRecord: 0.3ms | Allocations: 2626)


Started GET "/customers" for ::1 at 2021-08-22 05:58:18 -0400
Processing by CustomersController#index as */*
  [1m[36mCustomer Load (0.4ms)[0m  [1m[34mSELECT "customers".* FROM "customers"[0m
  ↳ app/controllers/customers_controller.rb:4:in `index'
Completed 200 OK in 15ms (Views: 0.2ms | ActiveRecord: 0.4ms | Allocations: 2626)


Started GET "/customers" for ::1 at 2021-08-22 06:02:02 -0400
Processing by CustomersController#index as */*
  [1m[36mCustomer Load (0.5ms)[0m  [1m[34mSELECT "customers".* FROM "customers"[0m
  ↳ app/controllers/customers_controller.rb:4:in `index'
Completed 200 OK in 24ms (Views: 0.4ms | ActiveRecord: 0.5ms | Allocations: 2626)


Started GET "/customers" for ::1 at 2021-08-22 06:04:10 -0400
Processing by CustomersController#index as */*
  [1m[36mCustomer Load (0.3ms)[0m  [1m[34mSELECT "customers".* FROM "customers"[0m
  ↳ app/controllers/customers_controller.rb:4:in `index'
Completed 200 OK in 12ms (Views: 0.7ms | ActiveRecord: 0.3ms | Allocations: 2626)


Started GET "/customers" for ::1 at 2021-08-22 06:07:11 -0400
Processing by CustomersController#index as */*
  [1m[36mCustomer Load (0.4ms)[0m  [1m[34mSELECT "customers".* FROM "customers"[0m
  ↳ app/controllers/customers_controller.rb:4:in `index'
Completed 200 OK in 14ms (Views: 0.2ms | ActiveRecord: 0.4ms | Allocations: 2626)


Started GET "/customers" for ::1 at 2021-08-22 06:13:03 -0400
Processing by CustomersController#index as */*
  [1m[35m (0.2ms)[0m  [1m[34mSELECT sqlite_version(*)[0m
  ↳ app/controllers/customers_controller.rb:4:in `index'
  [1m[36mCustomer Load (0.8ms)[0m  [1m[34mSELECT "customers".* FROM "customers"[0m
  ↳ app/controllers/customers_controller.rb:4:in `index'
Completed 200 OK in 30ms (Views: 0.3ms | ActiveRecord: 3.1ms | Allocations: 3134)


Started GET "/customers" for ::1 at 2021-08-22 06:30:15 -0400
Processing by CustomersController#index as */*
  [1m[35m (0.2ms)[0m  [1m[34mSELECT sqlite_version(*)[0m
  ↳ app/controllers/customers_controller.rb:4:in `index'
  [1m[36mCustomer Load (0.9ms)[0m  [1m[34mSELECT "customers".* FROM "customers"[0m
  ↳ app/controllers/customers_controller.rb:4:in `index'
Completed 200 OK in 48ms (Views: 0.3ms | ActiveRecord: 2.1ms | Allocations: 3135)


Started GET "/customers" for ::1 at 2021-08-22 06:30:56 -0400
Processing by CustomersController#index as */*
  [1m[36mCustomer Load (0.9ms)[0m  [1m[34mSELECT "customers".* FROM "customers"[0m
  ↳ app/controllers/customers_controller.rb:4:in `index'
Completed 200 OK in 19ms (Views: 0.7ms | ActiveRecord: 0.9ms | Allocations: 2626)


Started GET "/customers" for ::1 at 2021-08-22 06:31:28 -0400
Processing by CustomersController#index as */*
  [1m[36mCustomer Load (0.4ms)[0m  [1m[34mSELECT "customers".* FROM "customers"[0m
  ↳ app/controllers/customers_controller.rb:4:in `index'
Completed 200 OK in 13ms (Views: 0.2ms | ActiveRecord: 0.4ms | Allocations: 2626)


Started GET "/customers" for ::1 at 2021-08-22 06:46:31 -0400
Processing by CustomersController#index as */*
  [1m[35m (0.2ms)[0m  [1m[34mSELECT sqlite_version(*)[0m
  ↳ app/controllers/customers_controller.rb:4:in `index'
  [1m[36mCustomer Load (0.5ms)[0m  [1m[34mSELECT "customers".* FROM "customers"[0m
  ↳ app/controllers/customers_controller.rb:4:in `index'
Completed 200 OK in 21ms (Views: 0.3ms | ActiveRecord: 1.4ms | Allocations: 3135)


Started GET "/customers" for ::1 at 2021-08-22 06:46:36 -0400
Processing by CustomersController#index as */*
  [1m[36mCustomer Load (0.6ms)[0m  [1m[34mSELECT "customers".* FROM "customers"[0m
  ↳ app/controllers/customers_controller.rb:4:in `index'
Completed 200 OK in 15ms (Views: 0.6ms | ActiveRecord: 0.6ms | Allocations: 2626)


Started GET "/customers" for ::1 at 2021-08-22 06:48:01 -0400
Processing by CustomersController#index as */*
  [1m[36mCustomer Load (0.4ms)[0m  [1m[34mSELECT "customers".* FROM "customers"[0m
  ↳ app/controllers/customers_controller.rb:4:in `index'
Completed 200 OK in 11ms (Views: 0.8ms | ActiveRecord: 0.4ms | Allocations: 2626)


Started GET "/customers" for ::1 at 2021-08-22 06:48:04 -0400
Processing by CustomersController#index as */*
  [1m[36mCustomer Load (0.4ms)[0m  [1m[34mSELECT "customers".* FROM "customers"[0m
  ↳ app/controllers/customers_controller.rb:4:in `index'
Completed 200 OK in 20ms (Views: 0.2ms | ActiveRecord: 0.4ms | Allocations: 2626)


Started GET "/customers" for ::1 at 2021-08-22 06:52:37 -0400
Processing by CustomersController#index as */*
  [1m[36mCustomer Load (0.7ms)[0m  [1m[34mSELECT "customers".* FROM "customers"[0m
  ↳ app/controllers/customers_controller.rb:4:in `index'
Completed 200 OK in 23ms (Views: 0.2ms | ActiveRecord: 0.7ms | Allocations: 2626)


Started GET "/customers" for ::1 at 2021-08-22 06:52:41 -0400
Processing by CustomersController#index as */*
  [1m[36mCustomer Load (0.7ms)[0m  [1m[34mSELECT "customers".* FROM "customers"[0m
  ↳ app/controllers/customers_controller.rb:4:in `index'
Completed 200 OK in 20ms (Views: 0.4ms | ActiveRecord: 0.7ms | Allocations: 2626)


Started GET "/customers" for ::1 at 2021-08-22 06:56:38 -0400
Processing by CustomersController#index as */*
  [1m[36mCustomer Load (1.5ms)[0m  [1m[34mSELECT "customers".* FROM "customers"[0m
  ↳ app/controllers/customers_controller.rb:4:in `index'
Completed 200 OK in 24ms (Views: 1.8ms | ActiveRecord: 1.5ms | Allocations: 2626)


Started GET "/customers" for ::1 at 2021-08-22 06:56:41 -0400
Processing by CustomersController#index as */*
  [1m[36mCustomer Load (0.4ms)[0m  [1m[34mSELECT "customers".* FROM "customers"[0m
  ↳ app/controllers/customers_controller.rb:4:in `index'
Completed 200 OK in 10ms (Views: 0.2ms | ActiveRecord: 0.4ms | Allocations: 2626)


Started GET "/customers" for ::1 at 2021-08-22 07:02:37 -0400
Processing by CustomersController#index as */*
  [1m[35m (0.3ms)[0m  [1m[34mSELECT sqlite_version(*)[0m
  ↳ app/controllers/customers_controller.rb:4:in `index'
  [1m[36mCustomer Load (0.6ms)[0m  [1m[34mSELECT "customers".* FROM "customers"[0m
  ↳ app/controllers/customers_controller.rb:4:in `index'
Completed 200 OK in 40ms (Views: 0.3ms | ActiveRecord: 1.7ms | Allocations: 3134)


Started GET "/customers" for ::1 at 2021-08-22 07:02:45 -0400
Processing by CustomersController#index as */*
  [1m[36mCustomer Load (0.5ms)[0m  [1m[34mSELECT "customers".* FROM "customers"[0m
  ↳ app/controllers/customers_controller.rb:4:in `index'
Completed 200 OK in 43ms (Views: 0.5ms | ActiveRecord: 0.5ms | Allocations: 2627)


Started GET "/customers" for ::1 at 2021-08-22 07:04:35 -0400
Processing by CustomersController#index as */*
  [1m[36mCustomer Load (6.6ms)[0m  [1m[34mSELECT "customers".* FROM "customers"[0m
  ↳ app/controllers/customers_controller.rb:4:in `index'
Completed 200 OK in 30ms (Views: 0.8ms | ActiveRecord: 6.6ms | Allocations: 2626)


Started GET "/customers" for ::1 at 2021-08-22 07:05:17 -0400
Processing by CustomersController#index as */*
  [1m[36mCustomer Load (0.4ms)[0m  [1m[34mSELECT "customers".* FROM "customers"[0m
  ↳ app/controllers/customers_controller.rb:4:in `index'
Completed 200 OK in 22ms (Views: 0.3ms | ActiveRecord: 0.4ms | Allocations: 2626)


